 [INFO ] 2025-11-13 10:44:14.465  DataBaseSourceClass:32 - Checking the application.properties !
[INFO ] 2025-11-13 10:44:15.627  DataBaseSourceClass:42 - application.properties found !
[INFO ] 2025-11-13 10:44:15.707  DataBaseSourceClass:53 - Creating new db instance
[INFO ] 2025-11-13 10:44:15.853  DataBaseSourceClass:71 - returning the old db instance
[INFO ] 2025-11-13 10:44:16.431  DataBaseSourceClass:71 - returning the old db instance
[INFO ] 2025-11-13 11:27:10.613  DataBaseSourceClass:32 - Checking the application.properties !
[INFO ] 2025-11-13 11:27:11.400  DataBaseSourceClass:42 - application.properties found !
[INFO ] 2025-11-13 11:27:11.441  DataBaseSourceClass:53 - Creating new db instance
[INFO ] 2025-11-13 11:27:11.528  DataBaseSourceClass:71 - returning the old db instance
[INFO ] 2025-11-13 11:27:11.877  DataBaseSourceClass:71 - returning the old db instance
[INFO ] 2025-11-13 11:27:11.921  DataBaseSourceClass:71 - returning the old db instance
[INFO ] 2025-11-13 11:27:11.962  DataBaseSourceClass:71 - returning the old db instance
[INFO ] 2025-11-13 11:27:39.817  DataBaseSourceClass:71 - returning the old db instance
[INFO ] 2025-11-13 11:27:39.845  DataBaseSourceClass:71 - returning the old db instance
[INFO ] 2025-11-13 11:27:59.027  DataBaseSourceClass:71 - returning the old db instance
[INFO ] 2025-11-13 11:27:59.099  DataBaseSourceClass:71 - returning the old db instance
[INFO ] 2025-11-13 11:28:00.470  DataBaseSourceClass:71 - returning the old db instance
[INFO ] 2025-11-13 11:28:00.521  DataBaseSourceClass:71 - returning the old db instance
[INFO ] 2025-11-13 11:28:17.731  DataBaseSourceClass:71 - returning the old db instance
[INFO ] 2025-11-13 11:28:17.756  DataBaseSourceClass:71 - returning the old db instance
[INFO ] 2025-11-13 11:28:17.777  DataBaseSourceClass:71 - returning the old db instance
[INFO ] 2025-11-13 11:28:17.802  DataBaseSourceClass:71 - returning the old db instance
[INFO ] 2025-11-13 11:32:48.289  DataBaseSourceClass:32 - Checking the application.properties !
[INFO ] 2025-11-13 11:32:48.810  DataBaseSourceClass:42 - application.properties found !
[INFO ] 2025-11-13 11:32:48.856  DataBaseSourceClass:53 - Creating new db instance
[INFO ] 2025-11-13 11:32:48.939  DataBaseSourceClass:71 - returning the old db instance
[INFO ] 2025-11-13 11:32:49.212  DataBaseSourceClass:71 - returning the old db instance
[INFO ] 2025-11-13 11:32:49.433  DataBaseSourceClass:71 - returning the old db instance
[INFO ] 2025-11-13 11:32:49.471  DataBaseSourceClass:71 - returning the old db instance
[INFO ] 2025-11-13 11:33:56.851  DataBaseSourceClass:32 - Checking the application.properties !
[INFO ] 2025-11-13 11:33:57.455  DataBaseSourceClass:42 - application.properties found !
[INFO ] 2025-11-13 11:33:57.497  DataBaseSourceClass:53 - Creating new db instance
[INFO ] 2025-11-13 11:33:57.576  DataBaseSourceClass:71 - returning the old db instance
[INFO ] 2025-11-13 11:33:57.924  DataBaseSourceClass:71 - returning the old db instance
[INFO ] 2025-11-13 11:33:58.141  DataBaseSourceClass:71 - returning the old db instance
[INFO ] 2025-11-13 11:33:58.184  DataBaseSourceClass:71 - returning the old db instance
[INFO ] 2025-11-13 11:34:17.720  DataBaseSourceClass:71 - returning the old db instance
[INFO ] 2025-11-13 11:34:17.750  DataBaseSourceClass:71 - returning the old db instance
[INFO ] 2025-11-13 11:34:17.919  DataBaseSourceClass:71 - returning the old db instance
[INFO ] 2025-11-13 11:34:18.059  DataBaseSourceClass:71 - returning the old db instance
[INFO ] 2025-11-13 11:34:18.152  DataBaseSourceClass:71 - returning the old db instance
[INFO ] 2025-11-13 11:34:20.793  DataBaseSourceClass:71 - returning the old db instance
[INFO ] 2025-11-13 11:34:20.838  DataBaseSourceClass:71 - returning the old db instance
[INFO ] 2025-11-13 11:34:21.774  DataBaseSourceClass:71 - returning the old db instance
[INFO ] 2025-11-13 11:34:22.391  DataBaseSourceClass:71 - returning the old db instance
[INFO ] 2025-11-13 11:34:22.435  DataBaseSourceClass:71 - returning the old db instance
[INFO ] 2025-11-13 11:34:22.848  DataBaseSourceClass:71 - returning the old db instance
[INFO ] 2025-11-13 11:34:26.340  DataBaseSourceClass:71 - returning the old db instance
[INFO ] 2025-11-13 11:34:26.383  DataBaseSourceClass:71 - returning the old db instance
[INFO ] 2025-11-13 11:34:27.537  DataBaseSourceClass:71 - returning the old db instance
[INFO ] 2025-11-13 11:34:39.950  DataBaseSourceClass:71 - returning the old db instance
[INFO ] 2025-11-13 11:34:39.975  DataBaseSourceClass:71 - returning the old db instance
[INFO ] 2025-11-13 11:37:11.575  DataBaseSourceClass:71 - returning the old db instance
[INFO ] 2025-11-13 11:37:11.760  DataBaseSourceClass:71 - returning the old db instance
[INFO ] 2025-11-13 11:39:55.105  DataBaseSourceClass:32 - Checking the application.properties !
[INFO ] 2025-11-13 11:39:55.673  DataBaseSourceClass:42 - application.properties found !
[INFO ] 2025-11-13 11:39:55.721  DataBaseSourceClass:53 - Creating new db instance
[INFO ] 2025-11-13 11:39:55.798  DataBaseSourceClass:71 - returning the old db instance
[INFO ] 2025-11-13 11:39:56.168  DataBaseSourceClass:71 - returning the old db instance
[INFO ] 2025-11-13 11:39:56.227  DataBaseSourceClass:71 - returning the old db instance
[INFO ] 2025-11-13 11:39:56.265  DataBaseSourceClass:71 - returning the old db instance
[INFO ] 2025-11-13 11:39:56.429  DataBaseSourceClass:71 - returning the old db instance
[INFO ] 2025-11-13 11:39:56.468  DataBaseSourceClass:71 - returning the old db instance
[INFO ] 2025-11-13 11:40:21.868  DataBaseSourceClass:71 - returning the old db instance
[INFO ] 2025-11-13 11:40:21.898  DataBaseSourceClass:71 - returning the old db instance
[INFO ] 2025-11-13 11:40:22.087  DataBaseSourceClass:71 - returning the old db instance
[INFO ] 2025-11-13 11:40:22.223  DataBaseSourceClass:71 - returning the old db instance
[INFO ] 2025-11-13 11:40:22.278  DataBaseSourceClass:71 - returning the old db instance
[INFO ] 2025-11-13 12:21:58.318  DataBaseSourceClass:71 - returning the old db instance
[INFO ] 2025-11-13 15:05:41.668  DataBaseSourceClass:32 - Checking the application.properties !
[INFO ] 2025-11-13 15:05:42.412  DataBaseSourceClass:42 - application.properties found !
[INFO ] 2025-11-13 15:05:42.450  DataBaseSourceClass:53 - Creating new db instance
[INFO ] 2025-11-13 15:05:42.524  DataBaseSourceClass:71 - returning the old db instance
[INFO ] 2025-11-13 15:11:11.634  DataBaseSourceClass:71 - returning the old db instance
[INFO ] 2025-11-13 15:11:15.731  DataBaseSourceClass:71 - returning the old db instance
[INFO ] 2025-11-13 15:11:17.062  DataBaseSourceClass:71 - returning the old db instance
[INFO ] 2025-11-13 15:11:17.856  DataBaseSourceClass:71 - returning the old db instance
[INFO ] 2025-11-13 15:11:18.519  DataBaseSourceClass:71 - returning the old db instance
[INFO ] 2025-11-13 15:11:19.066  DataBaseSourceClass:71 - returning the old db instance
[INFO ] 2025-11-13 15:11:19.366  DataBaseSourceClass:71 - returning the old db instance
[INFO ] 2025-11-13 15:11:22.900  DataBaseSourceClass:71 - returning the old db instance
[INFO ] 2025-11-13 15:11:43.364  DataBaseSourceClass:71 - returning the old db instance
[INFO ] 2025-11-13 15:11:43.498  DataBaseSourceClass:71 - returning the old db instance
[INFO ] 2025-11-13 15:11:43.624  DataBaseSourceClass:71 - returning the old db instance
[INFO ] 2025-11-13 15:11:43.770  DataBaseSourceClass:71 - returning the old db instance
[INFO ] 2025-11-13 15:11:43.926  DataBaseSourceClass:71 - returning the old db instance
[INFO ] 2025-11-13 15:11:44.061  DataBaseSourceClass:71 - returning the old db instance
[INFO ] 2025-11-13 15:11:44.213  DataBaseSourceClass:71 - returning the old db instance
[INFO ] 2025-11-13 15:11:44.359  DataBaseSourceClass:71 - returning the old db instance
[INFO ] 2025-11-13 15:11:44.503  DataBaseSourceClass:71 - returning the old db instance
[INFO ] 2025-11-13 15:11:44.646  DataBaseSourceClass:71 - returning the old db instance
[INFO ] 2025-11-13 15:11:44.794  DataBaseSourceClass:71 - returning the old db instance
[INFO ] 2025-11-13 15:11:44.941  DataBaseSourceClass:71 - returning the old db instance
[INFO ] 2025-11-13 15:11:45.086  DataBaseSourceClass:71 - returning the old db instance
[INFO ] 2025-11-13 15:11:45.239  DataBaseSourceClass:71 - returning the old db instance
[INFO ] 2025-11-13 15:11:45.385  DataBaseSourceClass:71 - returning the old db instance
[INFO ] 2025-11-13 15:11:45.532  DataBaseSourceClass:71 - returning the old db instance
[INFO ] 2025-11-13 15:11:45.683  DataBaseSourceClass:71 - returning the old db instance
[INFO ] 2025-11-13 15:11:45.821  DataBaseSourceClass:71 - returning the old db instance
[INFO ] 2025-11-13 15:11:45.973  DataBaseSourceClass:71 - returning the old db instance
[INFO ] 2025-11-13 15:11:46.106  DataBaseSourceClass:71 - returning the old db instance
[INFO ] 2025-11-13 15:11:46.259  DataBaseSourceClass:71 - returning the old db instance
[INFO ] 2025-11-13 15:11:46.397  DataBaseSourceClass:71 - returning the old db instance
[INFO ] 2025-11-13 15:11:46.531  DataBaseSourceClass:71 - returning the old db instance
[INFO ] 2025-11-13 15:11:46.679  DataBaseSourceClass:71 - returning the old db instance
[INFO ] 2025-11-13 15:11:50.806  DataBaseSourceClass:71 - returning the old db instance
[INFO ] 2025-11-13 15:12:04.267  DataBaseSourceClass:71 - returning the old db instance
[INFO ] 2025-11-13 15:12:19.328  DataBaseSourceClass:71 - returning the old db instance
[INFO ] 2025-11-13 15:12:19.610  DataBaseSourceClass:71 - returning the old db instance
[INFO ] 2025-11-13 15:12:19.815  DataBaseSourceClass:71 - returning the old db instance
[INFO ] 2025-11-13 15:12:20.713  DataBaseSourceClass:71 - returning the old db instance
[INFO ] 2025-11-13 15:13:16.747  DataBaseSourceClass:71 - returning the old db instance
[INFO ] 2025-11-13 15:13:58.187  DataBaseSourceClass:71 - returning the old db instance
[INFO ] 2025-11-13 15:14:22.915  DataBaseSourceClass:71 - returning the old db instance
[INFO ] 2025-11-13 15:14:22.938  DataBaseSourceClass:71 - returning the old db instance
[INFO ] 2025-11-13 15:17:09.198  DataBaseSourceClass:71 - returning the old db instance
[INFO ] 2025-11-13 15:17:09.225  DataBaseSourceClass:71 - returning the old db instance
[INFO ] 2025-11-13 15:17:17.119  DataBaseSourceClass:71 - returning the old db instance
[INFO ] 2025-11-13 15:17:17.143  DataBaseSourceClass:71 - returning the old db instance
[INFO ] 2025-11-13 15:18:04.308  DataBaseSourceClass:71 - returning the old db instance
[INFO ] 2025-11-13 15:18:04.334  DataBaseSourceClass:71 - returning the old db instance
[INFO ] 2025-11-13 15:22:50.041  DataBaseSourceClass:32 - Checking the application.properties !
[INFO ] 2025-11-13 15:22:50.630  DataBaseSourceClass:42 - application.properties found !
[INFO ] 2025-11-13 15:22:50.694  DataBaseSourceClass:53 - Creating new db instance
[INFO ] 2025-11-13 15:22:50.780  DataBaseSourceClass:71 - returning the old db instance
[INFO ] 2025-11-13 15:22:51.140  DataBaseSourceClass:71 - returning the old db instance
[INFO ] 2025-11-13 15:59:08.741  DataBaseSourceClass:71 - returning the old db instance
[INFO ] 2025-11-13 15:59:08.782  DataBaseSourceClass:71 - returning the old db instance
[INFO ] 2025-11-13 16:08:56.741  DataBaseSourceClass:71 - returning the old db instance
[INFO ] 2025-11-13 16:08:56.781  DataBaseSourceClass:71 - returning the old db instance
[INFO ] 2025-11-13 16:08:56.816  DataBaseSourceClass:71 - returning the old db instance
[INFO ] 2025-11-13 16:08:56.842  DataBaseSourceClass:71 - returning the old db instance
[INFO ] 2025-11-13 16:08:57.028  DataBaseSourceClass:71 - returning the old db instance
[INFO ] 2025-11-13 16:08:57.072  DataBaseSourceClass:71 - returning the old db instance
[INFO ] 2025-11-13 16:09:15.065  DataBaseSourceClass:71 - returning the old db instance
[INFO ] 2025-11-13 16:09:24.885  DataBaseSourceClass:71 - returning the old db instance
[INFO ] 2025-11-13 16:09:34.524  DataBaseSourceClass:71 - returning the old db instance
[INFO ] 2025-11-13 16:09:34.554  DataBaseSourceClass:71 - returning the old db instance
[INFO ] 2025-11-13 16:09:34.666  DataBaseSourceClass:71 - returning the old db instance
[INFO ] 2025-11-13 16:09:34.758  DataBaseSourceClass:71 - returning the old db instance
[INFO ] 2025-11-13 16:09:35.002  DataBaseSourceClass:71 - returning the old db instance
[INFO ] 2025-11-13 16:10:06.731  DataBaseSourceClass:71 - returning the old db instance
[INFO ] 2025-11-13 16:10:06.765  DataBaseSourceClass:71 - returning the old db instance
[INFO ] 2025-11-13 16:10:06.786  DataBaseSourceClass:71 - returning the old db instance
[INFO ] 2025-11-13 16:10:06.802  DataBaseSourceClass:71 - returning the old db instance
[INFO ] 2025-11-13 16:10:06.963  DataBaseSourceClass:71 - returning the old db instance
[INFO ] 2025-11-13 16:10:07.003  DataBaseSourceClass:71 - returning the old db instance
[INFO ] 2025-11-13 16:14:07.566  DataBaseSourceClass:71 - returning the old db instance
[INFO ] 2025-11-13 16:14:07.599  DataBaseSourceClass:71 - returning the old db instance
[INFO ] 2025-11-13 16:14:07.615  DataBaseSourceClass:71 - returning the old db instance
[INFO ] 2025-11-13 16:14:07.646  DataBaseSourceClass:71 - returning the old db instance
[INFO ] 2025-11-13 16:14:07.821  DataBaseSourceClass:71 - returning the old db instance
[INFO ] 2025-11-13 16:14:07.868  DataBaseSourceClass:71 - returning the old db instance
[INFO ] 2025-11-13 16:21:46.203  DataBaseSourceClass:71 - returning the old db instance
[INFO ] 2025-11-13 16:21:46.229  DataBaseSourceClass:71 - returning the old db instance
[INFO ] 2025-11-13 16:21:46.361  DataBaseSourceClass:71 - returning the old db instance
[INFO ] 2025-11-13 16:21:46.412  DataBaseSourceClass:71 - returning the old db instance
[INFO ] 2025-11-13 16:21:46.474  DataBaseSourceClass:71 - returning the old db instance
[INFO ] 2025-11-13 16:22:03.025  DataBaseSourceClass:71 - returning the old db instance
[INFO ] 2025-11-13 16:22:03.068  DataBaseSourceClass:71 - returning the old db instance
[INFO ] 2025-11-13 16:22:04.527  DataBaseSourceClass:71 - returning the old db instance
[INFO ] 2025-11-13 16:22:04.576  DataBaseSourceClass:71 - returning the old db instance
[INFO ] 2025-11-13 16:22:06.422  DataBaseSourceClass:71 - returning the old db instance
[INFO ] 2025-11-13 16:22:06.467  DataBaseSourceClass:71 - returning the old db instance
[INFO ] 2025-11-13 16:22:10.260  DataBaseSourceClass:71 - returning the old db instance
[INFO ] 2025-11-13 16:22:13.225  DataBaseSourceClass:71 - returning the old db instance
[INFO ] 2025-11-13 16:22:13.252  DataBaseSourceClass:71 - returning the old db instance
[INFO ] 2025-11-13 16:22:13.289  DataBaseSourceClass:71 - returning the old db instance
[INFO ] 2025-11-13 16:22:13.339  DataBaseSourceClass:71 - returning the old db instance
[INFO ] 2025-11-13 16:22:18.315  DataBaseSourceClass:71 - returning the old db instance
[INFO ] 2025-11-13 16:22:18.348  DataBaseSourceClass:71 - returning the old db instance
[INFO ] 2025-11-13 16:22:18.802  DataBaseSourceClass:71 - returning the old db instance
[INFO ] 2025-11-13 16:22:18.867  DataBaseSourceClass:71 - returning the old db instance
[INFO ] 2025-11-13 16:22:19.194  DataBaseSourceClass:71 - returning the old db instance
[INFO ] 2025-11-13 16:22:22.711  DataBaseSourceClass:71 - returning the old db instance
[INFO ] 2025-11-13 16:22:22.733  DataBaseSourceClass:71 - returning the old db instance
[INFO ] 2025-11-13 16:22:22.748  DataBaseSourceClass:71 - returning the old db instance
[INFO ] 2025-11-13 16:22:22.767  DataBaseSourceClass:71 - returning the old db instance
[INFO ] 2025-11-13 16:22:22.803  DataBaseSourceClass:71 - returning the old db instance
[INFO ] 2025-11-13 16:23:07.457  DataBaseSourceClass:71 - returning the old db instance
[INFO ] 2025-11-13 16:23:07.478  DataBaseSourceClass:71 - returning the old db instance
[INFO ] 2025-11-13 16:23:07.584  DataBaseSourceClass:71 - returning the old db instance
[INFO ] 2025-11-13 16:23:07.639  DataBaseSourceClass:71 - returning the old db instance
[INFO ] 2025-11-13 16:23:07.699  DataBaseSourceClass:71 - returning the old db instance
[INFO ] 2025-11-13 16:23:13.216  DataBaseSourceClass:71 - returning the old db instance
[INFO ] 2025-11-13 16:23:27.755  DataBaseSourceClass:71 - returning the old db instance
[INFO ] 2025-11-13 16:23:38.717  DataBaseSourceClass:71 - returning the old db instance
[INFO ] 2025-11-13 16:23:38.750  DataBaseSourceClass:71 - returning the old db instance
[INFO ] 2025-11-13 16:23:39.112  DataBaseSourceClass:71 - returning the old db instance
[INFO ] 2025-11-13 16:23:45.604  DataBaseSourceClass:71 - returning the old db instance
[INFO ] 2025-11-13 16:23:45.793  DataBaseSourceClass:71 - returning the old db instance
[INFO ] 2025-11-13 16:23:45.952  DataBaseSourceClass:71 - returning the old db instance
[INFO ] 2025-11-13 16:23:49.562  DataBaseSourceClass:71 - returning the old db instance
[INFO ] 2025-11-13 16:23:49.784  DataBaseSourceClass:71 - returning the old db instance
[INFO ] 2025-11-13 16:23:51.862  DataBaseSourceClass:71 - returning the old db instance
[INFO ] 2025-11-13 16:24:25.238  DataBaseSourceClass:71 - returning the old db instance
[INFO ] 2025-11-13 16:24:25.265  DataBaseSourceClass:71 - returning the old db instance
[INFO ] 2025-11-13 16:27:45.370  DataBaseSourceClass:71 - returning the old db instance
[INFO ] 2025-11-13 16:27:45.399  DataBaseSourceClass:71 - returning the old db instance
[INFO ] 2025-11-13 16:27:45.578  DataBaseSourceClass:71 - returning the old db instance
[INFO ] 2025-11-13 16:27:45.683  DataBaseSourceClass:71 - returning the old db instance
[INFO ] 2025-11-13 16:27:45.718  DataBaseSourceClass:71 - returning the old db instance
[INFO ] 2025-11-13 16:29:15.916  DataBaseSourceClass:71 - returning the old db instance
[INFO ] 2025-11-13 16:29:15.954  DataBaseSourceClass:71 - returning the old db instance
[INFO ] 2025-11-13 16:29:16.437  DataBaseSourceClass:71 - returning the old db instance
[INFO ] 2025-11-13 16:29:16.807  DataBaseSourceClass:71 - returning the old db instance
[INFO ] 2025-11-13 16:29:17.227  DataBaseSourceClass:71 - returning the old db instance
[INFO ] 2025-11-13 16:29:17.549  DataBaseSourceClass:71 - returning the old db instance
[INFO ] 2025-11-13 16:29:18.710  DataBaseSourceClass:71 - returning the old db instance
[INFO ] 2025-11-13 16:29:18.749  DataBaseSourceClass:71 - returning the old db instance
[INFO ] 2025-11-13 16:29:19.199  DataBaseSourceClass:71 - returning the old db instance
[INFO ] 2025-11-13 16:29:19.231  DataBaseSourceClass:71 - returning the old db instance
[INFO ] 2025-11-13 16:29:19.978  DataBaseSourceClass:71 - returning the old db instance
[INFO ] 2025-11-13 16:29:20.017  DataBaseSourceClass:71 - returning the old db instance
[INFO ] 2025-11-13 16:29:21.753  DataBaseSourceClass:71 - returning the old db instance
[INFO ] 2025-11-13 16:29:22.300  DataBaseSourceClass:71 - returning the old db instance
[INFO ] 2025-11-13 16:29:22.681  DataBaseSourceClass:71 - returning the old db instance
[INFO ] 2025-11-13 16:29:23.004  DataBaseSourceClass:71 - returning the old db instance
[INFO ] 2025-11-13 16:31:01.815  DataBaseSourceClass:71 - returning the old db instance
[INFO ] 2025-11-13 16:31:01.841  DataBaseSourceClass:71 - returning the old db instance
[INFO ] 2025-11-13 16:31:01.939  DataBaseSourceClass:71 - returning the old db instance
[INFO ] 2025-11-13 16:31:03.491  DataBaseSourceClass:71 - returning the old db instance
[INFO ] 2025-11-13 16:31:03.499  DataBaseSourceClass:71 - returning the old db instance
[INFO ] 2025-11-13 16:31:03.534  DataBaseSourceClass:71 - returning the old db instance
[INFO ] 2025-11-13 16:47:57.827  DataBaseSourceClass:71 - returning the old db instance
[INFO ] 2025-11-13 16:47:59.783  DataBaseSourceClass:71 - returning the old db instance
[INFO ] 2025-11-13 16:48:01.010  DataBaseSourceClass:71 - returning the old db instance
[INFO ] 2025-11-13 16:48:02.099  DataBaseSourceClass:71 - returning the old db instance
[INFO ] 2025-11-13 16:48:15.080  DataBaseSourceClass:71 - returning the old db instance
[INFO ] 2025-11-13 16:48:15.119  DataBaseSourceClass:71 - returning the old db instance
[INFO ] 2025-11-13 16:48:15.430  DataBaseSourceClass:71 - returning the old db instance
[INFO ] 2025-11-13 16:48:15.555  DataBaseSourceClass:71 - returning the old db instance
[INFO ] 2025-11-13 16:48:15.614  DataBaseSourceClass:71 - returning the old db instance
[INFO ] 2025-11-13 16:51:10.861  DataBaseSourceClass:71 - returning the old db instance
[INFO ] 2025-11-13 16:51:10.901  DataBaseSourceClass:71 - returning the old db instance
[INFO ] 2025-11-13 16:51:15.963  DataBaseSourceClass:71 - returning the old db instance
[INFO ] 2025-11-13 16:51:15.995  DataBaseSourceClass:71 - returning the old db instance
[INFO ] 2025-11-13 16:51:16.327  DataBaseSourceClass:71 - returning the old db instance
[INFO ] 2025-11-13 16:51:16.406  DataBaseSourceClass:71 - returning the old db instance
[INFO ] 2025-11-13 16:51:16.478  DataBaseSourceClass:71 - returning the old db instance
[INFO ] 2025-11-13 17:05:33.656  DataBaseSourceClass:71 - returning the old db instance
[INFO ] 2025-11-13 17:05:33.729  DataBaseSourceClass:71 - returning the old db instance
[INFO ] 2025-11-13 17:07:32.088  DataBaseSourceClass:71 - returning the old db instance
[INFO ] 2025-11-13 17:07:33.786  DataBaseSourceClass:71 - returning the old db instance
[INFO ] 2025-11-13 17:07:52.195  DataBaseSourceClass:71 - returning the old db instance
[INFO ] 2025-11-13 17:07:52.254  DataBaseSourceClass:71 - returning the old db instance
[INFO ] 2025-11-13 17:07:52.638  DataBaseSourceClass:71 - returning the old db instance
[INFO ] 2025-11-13 17:07:52.734  DataBaseSourceClass:71 - returning the old db instance
[INFO ] 2025-11-13 17:07:52.838  DataBaseSourceClass:71 - returning the old db instance
[INFO ] 2025-11-13 17:08:25.395  DataBaseSourceClass:71 - returning the old db instance
[INFO ] 2025-11-13 17:08:25.429  DataBaseSourceClass:71 - returning the old db instance
[INFO ] 2025-11-13 17:08:25.749  DataBaseSourceClass:71 - returning the old db instance
[INFO ] 2025-11-13 17:08:25.872  DataBaseSourceClass:71 - returning the old db instance
[INFO ] 2025-11-13 17:08:26.165  DataBaseSourceClass:71 - returning the old db instance
[INFO ] 2025-11-13 17:08:41.047  DataBaseSourceClass:71 - returning the old db instance
[INFO ] 2025-11-13 17:08:41.332  DataBaseSourceClass:71 - returning the old db instance
[INFO ] 2025-11-13 17:09:14.097  DataBaseSourceClass:71 - returning the old db instance
[INFO ] 2025-11-13 17:09:14.160  DataBaseSourceClass:71 - returning the old db instance
[INFO ] 2025-11-13 17:09:17.981  DataBaseSourceClass:71 - returning the old db instance
[INFO ] 2025-11-13 17:09:40.526  DataBaseSourceClass:71 - returning the old db instance
[INFO ] 2025-11-13 17:09:40.853  DataBaseSourceClass:71 - returning the old db instance
[INFO ] 2025-11-13 17:10:59.831  DataBaseSourceClass:71 - returning the old db instance
[INFO ] 2025-11-13 17:11:00.129  DataBaseSourceClass:71 - returning the old db instance
[INFO ] 2025-11-13 17:13:23.144  DataBaseSourceClass:71 - returning the old db instance
[INFO ] 2025-11-13 17:13:23.546  DataBaseSourceClass:71 - returning the old db instance
[INFO ] 2025-11-13 17:13:23.702  DataBaseSourceClass:71 - returning the old db instance
[INFO ] 2025-11-13 17:13:24.016  DataBaseSourceClass:71 - returning the old db instance
[INFO ] 2025-11-13 17:13:24.077  DataBaseSourceClass:71 - returning the old db instance
[INFO ] 2025-11-13 17:13:24.551  DataBaseSourceClass:71 - returning the old db instance
[INFO ] 2025-11-13 17:13:25.009  DataBaseSourceClass:71 - returning the old db instance
[INFO ] 2025-11-13 17:13:25.528  DataBaseSourceClass:71 - returning the old db instance
[INFO ] 2025-11-13 17:13:27.097  DataBaseSourceClass:71 - returning the old db instance
[INFO ] 2025-11-13 17:13:27.370  DataBaseSourceClass:71 - returning the old db instance
[INFO ] 2025-11-14 11:13:40.167  DataBaseSourceClass:32 - Checking the application.properties !
[INFO ] 2025-11-14 11:13:40.946  DataBaseSourceClass:42 - application.properties found !
[INFO ] 2025-11-14 11:13:40.992  DataBaseSourceClass:53 - Creating new db instance
[INFO ] 2025-11-14 11:13:41.068  DataBaseSourceClass:71 - returning the old db instance
[INFO ] 2025-11-14 11:13:41.685  DataBaseSourceClass:71 - returning the old db instance
[INFO ] 2025-11-14 11:13:51.837  DataBaseSourceClass:71 - returning the old db instance
[INFO ] 2025-11-14 11:13:51.896  DataBaseSourceClass:71 - returning the old db instance
[INFO ] 2025-11-14 11:13:52.083  DataBaseSourceClass:71 - returning the old db instance
[INFO ] 2025-11-14 11:13:53.224  DataBaseSourceClass:71 - returning the old db instance
[INFO ] 2025-11-14 11:13:53.272  DataBaseSourceClass:71 - returning the old db instance
[INFO ] 2025-11-14 11:17:27.156  DataBaseSourceClass:71 - returning the old db instance
[INFO ] 2025-11-14 11:17:27.231  DataBaseSourceClass:71 - returning the old db instance
[INFO ] 2025-11-14 11:17:29.488  DataBaseSourceClass:71 - returning the old db instance
[INFO ] 2025-11-14 11:17:29.958  DataBaseSourceClass:71 - returning the old db instance
[INFO ] 2025-11-14 11:18:43.505  DataBaseSourceClass:71 - returning the old db instance
[INFO ] 2025-11-14 11:18:43.614  DataBaseSourceClass:71 - returning the old db instance
[INFO ] 2025-11-14 11:18:57.991  DataBaseSourceClass:71 - returning the old db instance
[INFO ] 2025-11-14 11:18:58.167  DataBaseSourceClass:71 - returning the old db instance
[INFO ] 2025-11-14 11:19:20.585  DataBaseSourceClass:71 - returning the old db instance
[INFO ] 2025-11-14 11:19:20.784  DataBaseSourceClass:71 - returning the old db instance
[INFO ] 2025-11-14 11:19:26.744  DataBaseSourceClass:71 - returning the old db instance
[INFO ] 2025-11-14 11:19:26.780  DataBaseSourceClass:71 - returning the old db instance
[INFO ] 2025-11-14 11:19:38.862  DataBaseSourceClass:71 - returning the old db instance
[INFO ] 2025-11-14 11:19:40.024  DataBaseSourceClass:71 - returning the old db instance
[INFO ] 2025-11-14 11:19:40.060  DataBaseSourceClass:71 - returning the old db instance
[INFO ] 2025-11-14 11:19:40.929  DataBaseSourceClass:71 - returning the old db instance
[INFO ] 2025-11-14 11:19:40.966  DataBaseSourceClass:71 - returning the old db instance
[INFO ] 2025-11-14 11:19:53.861  DataBaseSourceClass:71 - returning the old db instance
[INFO ] 2025-11-14 11:19:54.903  DataBaseSourceClass:71 - returning the old db instance
[INFO ] 2025-11-14 11:19:55.946  DataBaseSourceClass:71 - returning the old db instance
[INFO ] 2025-11-14 11:19:57.565  DataBaseSourceClass:71 - returning the old db instance
[INFO ] 2025-11-14 11:19:57.604  DataBaseSourceClass:71 - returning the old db instance
[INFO ] 2025-11-14 11:20:40.019  DataBaseSourceClass:71 - returning the old db instance
[INFO ] 2025-11-14 11:20:40.120  DataBaseSourceClass:71 - returning the old db instance
[INFO ] 2025-11-14 11:32:14.022  DataBaseSourceClass:71 - returning the old db instance
[INFO ] 2025-11-14 11:32:14.050  DataBaseSourceClass:71 - returning the old db instance
[INFO ] 2025-11-14 11:32:14.217  DataBaseSourceClass:71 - returning the old db instance
[INFO ] 2025-11-14 11:32:14.331  DataBaseSourceClass:71 - returning the old db instance
[INFO ] 2025-11-14 11:32:14.369  DataBaseSourceClass:71 - returning the old db instance
[INFO ] 2025-11-14 11:32:15.848  DataBaseSourceClass:71 - returning the old db instance
[INFO ] 2025-11-14 12:36:03.451  DataBaseSourceClass:71 - returning the old db instance
[INFO ] 2025-11-14 12:36:10.452  DataBaseSourceClass:71 - returning the old db instance
[INFO ] 2025-11-14 12:36:10.477  DataBaseSourceClass:71 - returning the old db instance
[INFO ] 2025-11-14 12:36:10.671  DataBaseSourceClass:71 - returning the old db instance
[INFO ] 2025-11-14 12:36:10.762  DataBaseSourceClass:71 - returning the old db instance
[INFO ] 2025-11-14 12:36:10.796  DataBaseSourceClass:71 - returning the old db instance
[INFO ] 2025-11-14 12:36:25.718  DataBaseSourceClass:71 - returning the old db instance
[INFO ] 2025-11-14 12:36:25.738  DataBaseSourceClass:71 - returning the old db instance
[INFO ] 2025-11-14 12:36:25.840  DataBaseSourceClass:71 - returning the old db instance
[INFO ] 2025-11-14 12:36:25.871  DataBaseSourceClass:71 - returning the old db instance
[INFO ] 2025-11-14 12:36:26.963  DataBaseSourceClass:71 - returning the old db instance
[INFO ] 2025-11-14 12:36:27.003  DataBaseSourceClass:71 - returning the old db instance
[INFO ] 2025-11-14 12:36:59.957  DataBaseSourceClass:71 - returning the old db instance
[INFO ] 2025-11-14 12:36:59.979  DataBaseSourceClass:71 - returning the old db instance
[INFO ] 2025-11-14 12:37:00.109  DataBaseSourceClass:71 - returning the old db instance
[INFO ] 2025-11-14 12:37:00.193  DataBaseSourceClass:71 - returning the old db instance
[INFO ] 2025-11-14 12:37:00.223  DataBaseSourceClass:71 - returning the old db instance
[INFO ] 2025-11-14 12:37:09.704  DataBaseSourceClass:71 - returning the old db instance
[INFO ] 2025-11-14 12:37:09.728  DataBaseSourceClass:71 - returning the old db instance
[INFO ] 2025-11-14 12:37:09.886  DataBaseSourceClass:71 - returning the old db instance
[INFO ] 2025-11-14 12:37:09.918  DataBaseSourceClass:71 - returning the old db instance
[INFO ] 2025-11-14 12:37:11.015  DataBaseSourceClass:71 - returning the old db instance
[INFO ] 2025-11-14 12:37:11.051  DataBaseSourceClass:71 - returning the old db instance
[INFO ] 2025-11-14 12:37:32.064  DataBaseSourceClass:71 - returning the old db instance
[INFO ] 2025-11-14 12:37:32.090  DataBaseSourceClass:71 - returning the old db instance
[INFO ] 2025-11-14 12:38:33.403  DataBaseSourceClass:71 - returning the old db instance
[INFO ] 2025-11-14 12:38:33.435  DataBaseSourceClass:71 - returning the old db instance
[INFO ] 2025-11-14 12:38:33.463  DataBaseSourceClass:71 - returning the old db instance
[INFO ] 2025-11-14 12:38:33.484  DataBaseSourceClass:71 - returning the old db instance
[INFO ] 2025-11-14 12:38:33.612  DataBaseSourceClass:71 - returning the old db instance
[INFO ] 2025-11-14 12:38:33.645  DataBaseSourceClass:71 - returning the old db instance
[INFO ] 2025-11-14 12:38:48.827  DataBaseSourceClass:71 - returning the old db instance
[INFO ] 2025-11-14 12:38:48.847  DataBaseSourceClass:71 - returning the old db instance
[INFO ] 2025-11-14 12:38:49.019  DataBaseSourceClass:71 - returning the old db instance
[INFO ] 2025-11-14 12:38:49.120  DataBaseSourceClass:71 - returning the old db instance
[INFO ] 2025-11-14 12:38:49.153  DataBaseSourceClass:71 - returning the old db instance
[INFO ] 2025-11-14 12:42:59.129  DataBaseSourceClass:71 - returning the old db instance
[INFO ] 2025-11-14 12:42:59.226  DataBaseSourceClass:71 - returning the old db instance
[INFO ] 2025-11-14 12:42:59.233  DataBaseSourceClass:71 - returning the old db instance
[INFO ] 2025-11-14 12:42:59.302  DataBaseSourceClass:71 - returning the old db instance
[INFO ] 2025-11-14 12:43:03.697  DataBaseSourceClass:71 - returning the old db instance
[INFO ] 2025-11-14 12:43:04.160  DataBaseSourceClass:71 - returning the old db instance
[INFO ] 2025-11-14 12:43:04.188  DataBaseSourceClass:71 - returning the old db instance
[INFO ] 2025-11-14 12:43:04.576  DataBaseSourceClass:71 - returning the old db instance
[INFO ] 2025-11-14 12:43:04.611  DataBaseSourceClass:71 - returning the old db instance
[INFO ] 2025-11-14 12:43:05.788  DataBaseSourceClass:71 - returning the old db instance
[INFO ] 2025-11-14 12:43:05.831  DataBaseSourceClass:71 - returning the old db instance
[INFO ] 2025-11-14 12:43:06.061  DataBaseSourceClass:71 - returning the old db instance
[INFO ] 2025-11-14 12:49:03.557  DataBaseSourceClass:71 - returning the old db instance
[INFO ] 2025-11-14 12:49:03.584  DataBaseSourceClass:71 - returning the old db instance
[INFO ] 2025-11-14 12:49:03.761  DataBaseSourceClass:71 - returning the old db instance
[INFO ] 2025-11-14 12:49:03.853  DataBaseSourceClass:71 - returning the old db instance
[INFO ] 2025-11-14 12:49:03.888  DataBaseSourceClass:71 - returning the old db instance
[INFO ] 2025-11-14 12:54:13.796  DataBaseSourceClass:71 - returning the old db instance
[INFO ] 2025-11-14 12:54:13.824  DataBaseSourceClass:71 - returning the old db instance
[INFO ] 2025-11-14 12:54:13.941  DataBaseSourceClass:71 - returning the old db instance
[INFO ] 2025-11-14 12:54:14.037  DataBaseSourceClass:71 - returning the old db instance
[INFO ] 2025-11-14 12:54:14.070  DataBaseSourceClass:71 - returning the old db instance
[INFO ] 2025-11-14 12:54:16.339  DataBaseSourceClass:71 - returning the old db instance
[INFO ] 2025-11-14 12:54:19.746  DataBaseSourceClass:71 - returning the old db instance
[INFO ] 2025-11-14 12:54:27.500  DataBaseSourceClass:71 - returning the old db instance
[INFO ] 2025-11-14 12:54:27.523  DataBaseSourceClass:71 - returning the old db instance
[INFO ] 2025-11-14 12:54:27.642  DataBaseSourceClass:71 - returning the old db instance
[INFO ] 2025-11-14 12:54:27.658  DataBaseSourceClass:71 - returning the old db instance
[INFO ] 2025-11-14 12:54:28.767  DataBaseSourceClass:71 - returning the old db instance
[INFO ] 2025-11-14 12:54:28.800  DataBaseSourceClass:71 - returning the old db instance
[INFO ] 2025-11-14 12:57:06.668  DataBaseSourceClass:71 - returning the old db instance
[INFO ] 2025-11-14 12:57:06.709  DataBaseSourceClass:71 - returning the old db instance
[INFO ] 2025-11-14 12:57:27.613  DataBaseSourceClass:71 - returning the old db instance
[INFO ] 2025-11-14 12:57:27.660  DataBaseSourceClass:71 - returning the old db instance
[INFO ] 2025-11-14 12:57:43.434  DataBaseSourceClass:71 - returning the old db instance
[INFO ] 2025-11-14 12:57:43.457  DataBaseSourceClass:71 - returning the old db instance
[INFO ] 2025-11-14 12:57:43.599  DataBaseSourceClass:71 - returning the old db instance
[INFO ] 2025-11-14 12:57:43.617  DataBaseSourceClass:71 - returning the old db instance
[INFO ] 2025-11-14 12:57:44.698  DataBaseSourceClass:71 - returning the old db instance
[INFO ] 2025-11-14 12:57:44.736  DataBaseSourceClass:71 - returning the old db instance
[INFO ] 2025-11-14 12:58:06.535  DataBaseSourceClass:71 - returning the old db instance
[INFO ] 2025-11-14 12:58:06.561  DataBaseSourceClass:71 - returning the old db instance
[INFO ] 2025-11-14 12:58:10.789  DataBaseSourceClass:71 - returning the old db instance
[INFO ] 2025-11-14 12:58:10.849  DataBaseSourceClass:71 - returning the old db instance
[INFO ] 2025-11-14 12:58:18.783  DataBaseSourceClass:71 - returning the old db instance
[INFO ] 2025-11-14 12:58:18.804  DataBaseSourceClass:71 - returning the old db instance
[INFO ] 2025-11-14 12:58:18.921  DataBaseSourceClass:71 - returning the old db instance
[INFO ] 2025-11-14 12:58:18.949  DataBaseSourceClass:71 - returning the old db instance
[INFO ] 2025-11-14 12:58:20.031  DataBaseSourceClass:71 - returning the old db instance
[INFO ] 2025-11-14 12:58:20.061  DataBaseSourceClass:71 - returning the old db instance
[INFO ] 2025-11-14 12:58:30.971  DataBaseSourceClass:71 - returning the old db instance
[INFO ] 2025-11-14 12:58:31.017  DataBaseSourceClass:71 - returning the old db instance
[INFO ] 2025-11-14 12:58:39.903  DataBaseSourceClass:71 - returning the old db instance
[INFO ] 2025-11-14 12:58:39.924  DataBaseSourceClass:71 - returning the old db instance
[INFO ] 2025-11-14 12:58:40.066  DataBaseSourceClass:71 - returning the old db instance
[INFO ] 2025-11-14 12:58:40.093  DataBaseSourceClass:71 - returning the old db instance
[INFO ] 2025-11-14 12:58:41.194  DataBaseSourceClass:71 - returning the old db instance
[INFO ] 2025-11-14 12:58:41.231  DataBaseSourceClass:71 - returning the old db instance
[INFO ] 2025-11-14 12:59:29.512  DataBaseSourceClass:71 - returning the old db instance
[INFO ] 2025-11-14 12:59:29.554  DataBaseSourceClass:71 - returning the old db instance
[INFO ] 2025-11-14 13:03:19.707  DataBaseSourceClass:71 - returning the old db instance
[INFO ] 2025-11-14 13:03:19.811  DataBaseSourceClass:71 - returning the old db instance
[INFO ] 2025-11-14 13:03:36.921  DataBaseSourceClass:71 - returning the old db instance
[INFO ] 2025-11-14 13:03:36.939  DataBaseSourceClass:71 - returning the old db instance
[INFO ] 2025-11-14 13:03:37.051  DataBaseSourceClass:71 - returning the old db instance
[INFO ] 2025-11-14 13:03:37.083  DataBaseSourceClass:71 - returning the old db instance
[INFO ] 2025-11-14 13:03:38.175  DataBaseSourceClass:71 - returning the old db instance
[INFO ] 2025-11-14 13:03:38.368  DataBaseSourceClass:71 - returning the old db instance
[INFO ] 2025-11-14 13:03:50.766  DataBaseSourceClass:71 - returning the old db instance
[INFO ] 2025-11-14 13:03:50.856  DataBaseSourceClass:71 - returning the old db instance
[INFO ] 2025-11-14 13:04:06.364  DataBaseSourceClass:71 - returning the old db instance
[INFO ] 2025-11-14 13:04:06.385  DataBaseSourceClass:71 - returning the old db instance
[INFO ] 2025-11-14 13:04:06.533  DataBaseSourceClass:71 - returning the old db instance
[INFO ] 2025-11-14 13:04:06.565  DataBaseSourceClass:71 - returning the old db instance
[INFO ] 2025-11-14 13:04:07.660  DataBaseSourceClass:71 - returning the old db instance
[INFO ] 2025-11-14 13:04:07.849  DataBaseSourceClass:71 - returning the old db instance
[INFO ] 2025-11-14 13:05:57.393  DataBaseSourceClass:71 - returning the old db instance
[INFO ] 2025-11-14 13:05:57.473  DataBaseSourceClass:71 - returning the old db instance
[INFO ] 2025-11-14 13:06:06.362  DataBaseSourceClass:71 - returning the old db instance
[INFO ] 2025-11-14 13:06:06.383  DataBaseSourceClass:71 - returning the old db instance
[INFO ] 2025-11-14 13:06:06.511  DataBaseSourceClass:71 - returning the old db instance
[INFO ] 2025-11-14 13:06:06.538  DataBaseSourceClass:71 - returning the old db instance
[INFO ] 2025-11-14 13:06:07.625  DataBaseSourceClass:71 - returning the old db instance
[INFO ] 2025-11-14 13:06:07.750  DataBaseSourceClass:71 - returning the old db instance
[INFO ] 2025-11-14 13:09:24.686  DataBaseSourceClass:71 - returning the old db instance
[INFO ] 2025-11-14 13:09:24.714  DataBaseSourceClass:71 - returning the old db instance
[INFO ] 2025-11-14 13:09:24.877  DataBaseSourceClass:71 - returning the old db instance
[INFO ] 2025-11-14 13:09:24.909  DataBaseSourceClass:71 - returning the old db instance
[INFO ] 2025-11-14 13:09:25.978  DataBaseSourceClass:71 - returning the old db instance
[INFO ] 2025-11-14 13:09:32.688  DataBaseSourceClass:71 - returning the old db instance
[INFO ] 2025-11-14 13:09:32.709  DataBaseSourceClass:71 - returning the old db instance
[INFO ] 2025-11-14 13:09:35.610  DataBaseSourceClass:71 - returning the old db instance
[INFO ] 2025-11-14 13:09:35.630  DataBaseSourceClass:71 - returning the old db instance
[INFO ] 2025-11-14 13:09:35.780  DataBaseSourceClass:71 - returning the old db instance
[INFO ] 2025-11-14 13:09:35.870  DataBaseSourceClass:71 - returning the old db instance
[INFO ] 2025-11-14 13:09:36.062  DataBaseSourceClass:71 - returning the old db instance
[INFO ] 2025-11-14 13:09:51.788  DataBaseSourceClass:71 - returning the old db instance
[INFO ] 2025-11-14 13:09:51.809  DataBaseSourceClass:71 - returning the old db instance
[INFO ] 2025-11-14 13:09:51.917  DataBaseSourceClass:71 - returning the old db instance
[INFO ] 2025-11-14 13:09:51.936  DataBaseSourceClass:71 - returning the old db instance
[INFO ] 2025-11-14 13:09:53.020  DataBaseSourceClass:71 - returning the old db instance
[INFO ] 2025-11-14 13:09:53.206  DataBaseSourceClass:71 - returning the old db instance
[INFO ] 2025-11-14 13:14:24.828  DataBaseSourceClass:71 - returning the old db instance
[INFO ] 2025-11-14 13:14:24.913  DataBaseSourceClass:71 - returning the old db instance
[INFO ] 2025-11-14 13:14:26.403  DataBaseSourceClass:71 - returning the old db instance
[INFO ] 2025-11-14 13:14:26.478  DataBaseSourceClass:71 - returning the old db instance
[INFO ] 2025-11-14 13:14:44.624  DataBaseSourceClass:71 - returning the old db instance
[INFO ] 2025-11-14 13:14:44.701  DataBaseSourceClass:71 - returning the old db instance
[INFO ] 2025-11-14 13:15:00.506  DataBaseSourceClass:71 - returning the old db instance
[INFO ] 2025-11-14 13:15:00.567  DataBaseSourceClass:71 - returning the old db instance
[INFO ] 2025-11-14 13:15:15.817  DataBaseSourceClass:71 - returning the old db instance
[INFO ] 2025-11-14 13:15:15.921  DataBaseSourceClass:71 - returning the old db instance
[INFO ] 2025-11-14 13:15:22.927  DataBaseSourceClass:71 - returning the old db instance
[INFO ] 2025-11-14 13:15:23.031  DataBaseSourceClass:71 - returning the old db instance
[INFO ] 2025-11-14 13:15:24.881  DataBaseSourceClass:71 - returning the old db instance
[INFO ] 2025-11-14 13:15:24.969  DataBaseSourceClass:71 - returning the old db instance
[INFO ] 2025-11-14 13:15:32.678  DataBaseSourceClass:71 - returning the old db instance
[INFO ] 2025-11-14 13:15:32.748  DataBaseSourceClass:71 - returning the old db instance
[INFO ] 2025-11-14 13:15:34.413  DataBaseSourceClass:71 - returning the old db instance
[INFO ] 2025-11-14 13:15:34.464  DataBaseSourceClass:71 - returning the old db instance
[INFO ] 2025-11-14 13:15:34.734  DataBaseSourceClass:71 - returning the old db instance
[INFO ] 2025-11-14 13:15:34.784  DataBaseSourceClass:71 - returning the old db instance
[INFO ] 2025-11-14 13:15:35.184  DataBaseSourceClass:71 - returning the old db instance
[INFO ] 2025-11-14 13:15:35.244  DataBaseSourceClass:71 - returning the old db instance
[INFO ] 2025-11-14 13:15:35.589  DataBaseSourceClass:71 - returning the old db instance
[INFO ] 2025-11-14 13:15:35.641  DataBaseSourceClass:71 - returning the old db instance
[INFO ] 2025-11-14 13:15:35.872  DataBaseSourceClass:71 - returning the old db instance
[INFO ] 2025-11-14 13:15:35.930  DataBaseSourceClass:71 - returning the old db instance
[INFO ] 2025-11-14 13:15:36.203  DataBaseSourceClass:71 - returning the old db instance
[INFO ] 2025-11-14 13:15:36.262  DataBaseSourceClass:71 - returning the old db instance
[INFO ] 2025-11-14 13:15:36.526  DataBaseSourceClass:71 - returning the old db instance
[INFO ] 2025-11-14 13:15:36.581  DataBaseSourceClass:71 - returning the old db instance
[INFO ] 2025-11-14 13:15:36.853  DataBaseSourceClass:71 - returning the old db instance
[INFO ] 2025-11-14 13:15:36.904  DataBaseSourceClass:71 - returning the old db instance
[INFO ] 2025-11-14 13:15:45.572  DataBaseSourceClass:71 - returning the old db instance
[INFO ] 2025-11-14 13:15:45.591  DataBaseSourceClass:71 - returning the old db instance
[INFO ] 2025-11-14 13:15:45.720  DataBaseSourceClass:71 - returning the old db instance
[INFO ] 2025-11-14 13:15:45.744  DataBaseSourceClass:71 - returning the old db instance
[INFO ] 2025-11-14 13:15:46.805  DataBaseSourceClass:71 - returning the old db instance
[INFO ] 2025-11-14 13:15:46.849  DataBaseSourceClass:71 - returning the old db instance
[INFO ] 2025-11-14 13:15:56.894  DataBaseSourceClass:71 - returning the old db instance
[INFO ] 2025-11-14 13:15:56.982  DataBaseSourceClass:71 - returning the old db instance
[INFO ] 2025-11-14 13:16:01.867  DataBaseSourceClass:71 - returning the old db instance
[INFO ] 2025-11-14 13:16:01.919  DataBaseSourceClass:71 - returning the old db instance
[INFO ] 2025-11-14 13:16:04.521  DataBaseSourceClass:71 - returning the old db instance
[INFO ] 2025-11-14 13:16:04.582  DataBaseSourceClass:71 - returning the old db instance
[INFO ] 2025-11-14 13:16:14.513  DataBaseSourceClass:71 - returning the old db instance
[INFO ] 2025-11-14 13:16:14.531  DataBaseSourceClass:71 - returning the old db instance
[INFO ] 2025-11-14 13:16:14.671  DataBaseSourceClass:71 - returning the old db instance
[INFO ] 2025-11-14 13:16:14.687  DataBaseSourceClass:71 - returning the old db instance
[INFO ] 2025-11-14 13:16:15.778  DataBaseSourceClass:71 - returning the old db instance
[INFO ] 2025-11-14 13:16:15.809  DataBaseSourceClass:71 - returning the old db instance
[INFO ] 2025-11-14 13:16:55.695  DataBaseSourceClass:71 - returning the old db instance
[INFO ] 2025-11-14 13:16:55.724  DataBaseSourceClass:71 - returning the old db instance
[INFO ] 2025-11-14 13:17:16.801  DataBaseSourceClass:71 - returning the old db instance
[INFO ] 2025-11-14 13:17:16.858  DataBaseSourceClass:71 - returning the old db instance
[INFO ] 2025-11-14 13:17:26.900  DataBaseSourceClass:71 - returning the old db instance
[INFO ] 2025-11-14 13:17:26.928  DataBaseSourceClass:71 - returning the old db instance
[INFO ] 2025-11-14 13:17:27.072  DataBaseSourceClass:71 - returning the old db instance
[INFO ] 2025-11-14 13:17:27.107  DataBaseSourceClass:71 - returning the old db instance
[INFO ] 2025-11-14 13:17:28.195  DataBaseSourceClass:71 - returning the old db instance
[INFO ] 2025-11-14 13:17:28.224  DataBaseSourceClass:71 - returning the old db instance
[INFO ] 2025-11-14 13:17:36.773  DataBaseSourceClass:71 - returning the old db instance
[INFO ] 2025-11-14 13:17:36.794  DataBaseSourceClass:71 - returning the old db instance
[INFO ] 2025-11-14 13:17:36.963  DataBaseSourceClass:71 - returning the old db instance
[INFO ] 2025-11-14 13:17:36.995  DataBaseSourceClass:71 - returning the old db instance
[INFO ] 2025-11-14 13:17:38.090  DataBaseSourceClass:71 - returning the old db instance
[INFO ] 2025-11-14 13:17:38.129  DataBaseSourceClass:71 - returning the old db instance
[INFO ] 2025-11-14 14:30:15.558  DataBaseSourceClass:71 - returning the old db instance
[INFO ] 2025-11-14 14:30:22.675  DataBaseSourceClass:71 - returning the old db instance
[INFO ] 2025-11-14 14:30:22.696  DataBaseSourceClass:71 - returning the old db instance
[INFO ] 2025-11-14 14:30:22.867  DataBaseSourceClass:71 - returning the old db instance
[INFO ] 2025-11-14 14:30:22.980  DataBaseSourceClass:71 - returning the old db instance
[INFO ] 2025-11-14 14:30:23.147  DataBaseSourceClass:71 - returning the old db instance
[INFO ] 2025-11-14 14:30:48.647  DataBaseSourceClass:71 - returning the old db instance
[INFO ] 2025-11-14 14:30:48.667  DataBaseSourceClass:71 - returning the old db instance
[INFO ] 2025-11-14 14:30:48.841  DataBaseSourceClass:71 - returning the old db instance
[INFO ] 2025-11-14 14:30:48.924  DataBaseSourceClass:71 - returning the old db instance
[INFO ] 2025-11-14 14:30:48.957  DataBaseSourceClass:71 - returning the old db instance
[INFO ] 2025-11-14 14:31:52.495  DataBaseSourceClass:71 - returning the old db instance
[INFO ] 2025-11-14 14:31:52.516  DataBaseSourceClass:71 - returning the old db instance
[INFO ] 2025-11-14 14:31:52.667  DataBaseSourceClass:71 - returning the old db instance
[INFO ] 2025-11-14 14:31:52.763  DataBaseSourceClass:71 - returning the old db instance
[INFO ] 2025-11-14 14:31:52.795  DataBaseSourceClass:71 - returning the old db instance
[INFO ] 2025-11-14 14:32:01.383  DataBaseSourceClass:71 - returning the old db instance
[INFO ] 2025-11-14 14:32:01.400  DataBaseSourceClass:71 - returning the old db instance
[INFO ] 2025-11-14 14:32:01.560  DataBaseSourceClass:71 - returning the old db instance
[INFO ] 2025-11-14 14:32:01.582  DataBaseSourceClass:71 - returning the old db instance
[INFO ] 2025-11-14 14:32:02.674  DataBaseSourceClass:71 - returning the old db instance
[INFO ] 2025-11-14 14:32:02.704  DataBaseSourceClass:71 - returning the old db instance
[INFO ] 2025-11-14 14:33:24.468  DataBaseSourceClass:71 - returning the old db instance
[INFO ] 2025-11-14 14:33:24.493  DataBaseSourceClass:71 - returning the old db instance
[INFO ] 2025-11-14 14:33:28.480  DataBaseSourceClass:71 - returning the old db instance
[INFO ] 2025-11-14 14:33:28.502  DataBaseSourceClass:71 - returning the old db instance
[INFO ] 2025-11-14 14:33:28.683  DataBaseSourceClass:71 - returning the old db instance
[INFO ] 2025-11-14 14:33:28.765  DataBaseSourceClass:71 - returning the old db instance
[INFO ] 2025-11-14 14:33:28.801  DataBaseSourceClass:71 - returning the old db instance
[INFO ] 2025-11-14 14:33:55.989  DataBaseSourceClass:71 - returning the old db instance
[INFO ] 2025-11-14 14:33:56.009  DataBaseSourceClass:71 - returning the old db instance
[INFO ] 2025-11-14 14:33:59.772  DataBaseSourceClass:71 - returning the old db instance
[INFO ] 2025-11-14 14:33:59.790  DataBaseSourceClass:71 - returning the old db instance
[INFO ] 2025-11-14 14:33:59.902  DataBaseSourceClass:71 - returning the old db instance
[INFO ] 2025-11-14 14:33:59.992  DataBaseSourceClass:71 - returning the old db instance
[INFO ] 2025-11-14 14:34:00.024  DataBaseSourceClass:71 - returning the old db instance
[INFO ] 2025-11-14 14:34:20.550  DataBaseSourceClass:71 - returning the old db instance
[INFO ] 2025-11-14 14:34:20.567  DataBaseSourceClass:71 - returning the old db instance
[INFO ] 2025-11-14 14:34:20.699  DataBaseSourceClass:71 - returning the old db instance
[INFO ] 2025-11-14 14:34:20.715  DataBaseSourceClass:71 - returning the old db instance
[INFO ] 2025-11-14 14:34:21.816  DataBaseSourceClass:71 - returning the old db instance
[INFO ] 2025-11-14 14:34:21.846  DataBaseSourceClass:71 - returning the old db instance
[INFO ] 2025-11-14 14:35:47.905  DataBaseSourceClass:71 - returning the old db instance
[INFO ] 2025-11-14 14:35:47.924  DataBaseSourceClass:71 - returning the old db instance
[INFO ] 2025-11-14 14:35:48.015  DataBaseSourceClass:71 - returning the old db instance
[INFO ] 2025-11-14 14:35:48.031  DataBaseSourceClass:71 - returning the old db instance
[INFO ] 2025-11-14 14:35:49.127  DataBaseSourceClass:71 - returning the old db instance
[INFO ] 2025-11-14 14:35:49.158  DataBaseSourceClass:71 - returning the old db instance
[INFO ] 2025-11-14 14:35:53.875  DataBaseSourceClass:71 - returning the old db instance
[INFO ] 2025-11-14 14:35:54.385  DataBaseSourceClass:71 - returning the old db instance
[INFO ] 2025-11-14 14:35:54.831  DataBaseSourceClass:71 - returning the old db instance
[INFO ] 2025-11-14 14:35:55.453  DataBaseSourceClass:71 - returning the old db instance
[INFO ] 2025-11-14 14:35:55.995  DataBaseSourceClass:71 - returning the old db instance
[INFO ] 2025-11-14 14:35:56.024  DataBaseSourceClass:71 - returning the old db instance
[INFO ] 2025-11-14 14:37:50.928  DataBaseSourceClass:71 - returning the old db instance
[INFO ] 2025-11-14 14:37:50.974  DataBaseSourceClass:71 - returning the old db instance
[INFO ] 2025-11-14 14:38:00.843  DataBaseSourceClass:71 - returning the old db instance
[INFO ] 2025-11-14 14:38:00.886  DataBaseSourceClass:71 - returning the old db instance
[INFO ] 2025-11-14 14:38:11.553  DataBaseSourceClass:71 - returning the old db instance
[INFO ] 2025-11-14 14:38:11.670  DataBaseSourceClass:71 - returning the old db instance
[INFO ] 2025-11-14 14:38:14.824  DataBaseSourceClass:71 - returning the old db instance
[INFO ] 2025-11-14 14:38:14.863  DataBaseSourceClass:71 - returning the old db instance
[INFO ] 2025-11-14 14:38:15.837  DataBaseSourceClass:71 - returning the old db instance
[INFO ] 2025-11-14 14:38:15.912  DataBaseSourceClass:71 - returning the old db instance
[INFO ] 2025-11-14 14:38:23.873  DataBaseSourceClass:71 - returning the old db instance
[INFO ] 2025-11-14 14:38:23.918  DataBaseSourceClass:71 - returning the old db instance
[INFO ] 2025-11-14 14:38:29.836  DataBaseSourceClass:71 - returning the old db instance
[INFO ] 2025-11-14 14:38:29.881  DataBaseSourceClass:71 - returning the old db instance
[INFO ] 2025-11-14 14:38:41.959  DataBaseSourceClass:71 - returning the old db instance
[INFO ] 2025-11-14 14:38:42.095  DataBaseSourceClass:71 - returning the old db instance
[INFO ] 2025-11-14 14:38:47.843  DataBaseSourceClass:71 - returning the old db instance
[INFO ] 2025-11-14 14:38:47.888  DataBaseSourceClass:71 - returning the old db instance
[INFO ] 2025-11-14 14:38:49.899  DataBaseSourceClass:71 - returning the old db instance
[INFO ] 2025-11-14 14:38:49.938  DataBaseSourceClass:71 - returning the old db instance
[INFO ] 2025-11-14 14:39:10.839  DataBaseSourceClass:71 - returning the old db instance
[INFO ] 2025-11-14 14:39:10.963  DataBaseSourceClass:71 - returning the old db instance
[INFO ] 2025-11-14 14:39:18.955  DataBaseSourceClass:71 - returning the old db instance
[INFO ] 2025-11-14 14:39:19.006  DataBaseSourceClass:71 - returning the old db instance
[INFO ] 2025-11-14 14:39:25.918  DataBaseSourceClass:71 - returning the old db instance
[INFO ] 2025-11-14 14:39:25.954  DataBaseSourceClass:71 - returning the old db instance
[INFO ] 2025-11-14 14:39:28.889  DataBaseSourceClass:71 - returning the old db instance
[INFO ] 2025-11-14 14:39:28.932  DataBaseSourceClass:71 - returning the old db instance
[INFO ] 2025-11-14 14:39:33.990  DataBaseSourceClass:71 - returning the old db instance
[INFO ] 2025-11-14 14:39:34.116  DataBaseSourceClass:71 - returning the old db instance
[INFO ] 2025-11-14 14:39:42.340  DataBaseSourceClass:71 - returning the old db instance
[INFO ] 2025-11-14 14:39:42.367  DataBaseSourceClass:71 - returning the old db instance
[INFO ] 2025-11-14 14:39:45.757  DataBaseSourceClass:71 - returning the old db instance
[INFO ] 2025-11-14 14:39:45.779  DataBaseSourceClass:71 - returning the old db instance
[INFO ] 2025-11-14 14:39:45.802  DataBaseSourceClass:71 - returning the old db instance
[INFO ] 2025-11-14 14:39:45.844  DataBaseSourceClass:71 - returning the old db instance
[INFO ] 2025-11-14 14:39:45.867  DataBaseSourceClass:71 - returning the old db instance
[INFO ] 2025-11-14 14:39:54.912  DataBaseSourceClass:71 - returning the old db instance
[INFO ] 2025-11-14 14:39:54.993  DataBaseSourceClass:71 - returning the old db instance
[INFO ] 2025-11-14 14:39:57.640  DataBaseSourceClass:71 - returning the old db instance
[INFO ] 2025-11-14 14:39:57.659  DataBaseSourceClass:71 - returning the old db instance
[INFO ] 2025-11-14 14:39:57.675  DataBaseSourceClass:71 - returning the old db instance
[INFO ] 2025-11-14 14:39:57.703  DataBaseSourceClass:71 - returning the old db instance
[INFO ] 2025-11-14 14:39:57.725  DataBaseSourceClass:71 - returning the old db instance
[INFO ] 2025-11-14 14:41:11.145  DataBaseSourceClass:71 - returning the old db instance
[INFO ] 2025-11-14 14:41:11.165  DataBaseSourceClass:71 - returning the old db instance
[INFO ] 2025-11-14 14:41:11.189  DataBaseSourceClass:71 - returning the old db instance
[INFO ] 2025-11-14 14:41:11.225  DataBaseSourceClass:71 - returning the old db instance
[INFO ] 2025-11-14 14:41:11.253  DataBaseSourceClass:71 - returning the old db instance
[INFO ] 2025-11-14 14:41:17.788  DataBaseSourceClass:71 - returning the old db instance
[INFO ] 2025-11-14 14:41:17.805  DataBaseSourceClass:71 - returning the old db instance
[INFO ] 2025-11-14 14:41:17.821  DataBaseSourceClass:71 - returning the old db instance
[INFO ] 2025-11-14 14:41:17.854  DataBaseSourceClass:71 - returning the old db instance
[INFO ] 2025-11-14 14:41:17.880  DataBaseSourceClass:71 - returning the old db instance
[INFO ] 2025-11-14 14:41:29.290  DataBaseSourceClass:71 - returning the old db instance
[INFO ] 2025-11-14 14:41:29.401  DataBaseSourceClass:71 - returning the old db instance
[INFO ] 2025-11-14 14:41:35.995  DataBaseSourceClass:71 - returning the old db instance
[INFO ] 2025-11-14 14:41:36.070  DataBaseSourceClass:71 - returning the old db instance
[INFO ] 2025-11-14 14:41:38.773  DataBaseSourceClass:71 - returning the old db instance
[INFO ] 2025-11-14 14:41:38.791  DataBaseSourceClass:71 - returning the old db instance
[INFO ] 2025-11-14 14:41:38.806  DataBaseSourceClass:71 - returning the old db instance
[INFO ] 2025-11-14 14:41:38.838  DataBaseSourceClass:71 - returning the old db instance
[INFO ] 2025-11-14 14:41:38.876  DataBaseSourceClass:71 - returning the old db instance
[INFO ] 2025-11-14 14:41:42.226  DataBaseSourceClass:71 - returning the old db instance
[INFO ] 2025-11-14 14:41:42.245  DataBaseSourceClass:71 - returning the old db instance
[INFO ] 2025-11-14 14:41:42.274  DataBaseSourceClass:71 - returning the old db instance
[INFO ] 2025-11-14 14:41:42.312  DataBaseSourceClass:71 - returning the old db instance
[INFO ] 2025-11-14 14:41:42.337  DataBaseSourceClass:71 - returning the old db instance
[INFO ] 2025-11-14 14:41:45.066  DataBaseSourceClass:71 - returning the old db instance
[INFO ] 2025-11-14 14:41:45.085  DataBaseSourceClass:71 - returning the old db instance
[INFO ] 2025-11-14 14:41:45.098  DataBaseSourceClass:71 - returning the old db instance
[INFO ] 2025-11-14 14:41:45.163  DataBaseSourceClass:71 - returning the old db instance
[INFO ] 2025-11-14 14:41:45.184  DataBaseSourceClass:71 - returning the old db instance
[INFO ] 2025-11-14 14:41:59.243  DataBaseSourceClass:71 - returning the old db instance
[INFO ] 2025-11-14 14:41:59.259  DataBaseSourceClass:71 - returning the old db instance
[INFO ] 2025-11-14 14:41:59.274  DataBaseSourceClass:71 - returning the old db instance
[INFO ] 2025-11-14 14:41:59.313  DataBaseSourceClass:71 - returning the old db instance
[INFO ] 2025-11-14 14:41:59.338  DataBaseSourceClass:71 - returning the old db instance
[INFO ] 2025-11-14 14:42:12.812  DataBaseSourceClass:71 - returning the old db instance
[INFO ] 2025-11-14 14:42:12.887  DataBaseSourceClass:71 - returning the old db instance
[INFO ] 2025-11-14 14:42:25.257  DataBaseSourceClass:71 - returning the old db instance
[INFO ] 2025-11-14 14:42:25.374  DataBaseSourceClass:71 - returning the old db instance
[INFO ] 2025-11-14 14:42:27.275  DataBaseSourceClass:71 - returning the old db instance
[INFO ] 2025-11-14 14:42:27.377  DataBaseSourceClass:71 - returning the old db instance
[INFO ] 2025-11-14 14:42:52.889  DataBaseSourceClass:71 - returning the old db instance
[INFO ] 2025-11-14 14:42:52.997  DataBaseSourceClass:71 - returning the old db instance
[INFO ] 2025-11-14 14:43:31.699  DataBaseSourceClass:71 - returning the old db instance
[INFO ] 2025-11-14 14:43:46.104  DataBaseSourceClass:71 - returning the old db instance
[INFO ] 2025-11-14 14:43:47.662  DataBaseSourceClass:71 - returning the old db instance
[INFO ] 2025-11-14 14:43:49.041  DataBaseSourceClass:71 - returning the old db instance
[INFO ] 2025-11-14 14:43:49.239  DataBaseSourceClass:71 - returning the old db instance
[INFO ] 2025-11-14 14:44:28.022  DataBaseSourceClass:71 - returning the old db instance
[INFO ] 2025-11-14 14:44:28.120  DataBaseSourceClass:71 - returning the old db instance
[INFO ] 2025-11-14 14:44:41.909  DataBaseSourceClass:71 - returning the old db instance
[INFO ] 2025-11-14 14:44:41.958  DataBaseSourceClass:71 - returning the old db instance
[INFO ] 2025-11-14 14:44:49.892  DataBaseSourceClass:71 - returning the old db instance
[INFO ] 2025-11-14 14:44:50.027  DataBaseSourceClass:71 - returning the old db instance
[INFO ] 2025-11-14 14:44:52.917  DataBaseSourceClass:71 - returning the old db instance
[INFO ] 2025-11-14 14:44:52.963  DataBaseSourceClass:71 - returning the old db instance
[INFO ] 2025-11-14 14:45:13.829  DataBaseSourceClass:71 - returning the old db instance
[INFO ] 2025-11-14 14:45:13.905  DataBaseSourceClass:71 - returning the old db instance
[INFO ] 2025-11-14 14:45:28.851  DataBaseSourceClass:71 - returning the old db instance
[INFO ] 2025-11-14 14:45:28.909  DataBaseSourceClass:71 - returning the old db instance
[INFO ] 2025-11-14 14:45:37.819  DataBaseSourceClass:71 - returning the old db instance
[INFO ] 2025-11-14 14:45:37.883  DataBaseSourceClass:71 - returning the old db instance
[INFO ] 2025-11-14 14:47:06.659  DataBaseSourceClass:71 - returning the old db instance
[INFO ] 2025-11-14 14:47:06.691  DataBaseSourceClass:71 - returning the old db instance
[INFO ] 2025-11-14 14:48:14.376  DataBaseSourceClass:71 - returning the old db instance
[INFO ] 2025-11-14 14:48:14.466  DataBaseSourceClass:71 - returning the old db instance
[INFO ] 2025-11-14 14:48:24.947  DataBaseSourceClass:71 - returning the old db instance
[INFO ] 2025-11-14 14:48:24.998  DataBaseSourceClass:71 - returning the old db instance
[INFO ] 2025-11-14 14:50:52.943  DataBaseSourceClass:71 - returning the old db instance
[INFO ] 2025-11-14 14:50:52.998  DataBaseSourceClass:71 - returning the old db instance
[INFO ] 2025-11-14 14:50:55.957  DataBaseSourceClass:71 - returning the old db instance
[INFO ] 2025-11-14 14:50:56.015  DataBaseSourceClass:71 - returning the old db instance
[INFO ] 2025-11-14 14:53:47.026  DataBaseSourceClass:71 - returning the old db instance
[INFO ] 2025-11-14 14:53:47.081  DataBaseSourceClass:71 - returning the old db instance
[INFO ] 2025-11-14 14:54:18.944  DataBaseSourceClass:71 - returning the old db instance
[INFO ] 2025-11-14 14:54:18.962  DataBaseSourceClass:71 - returning the old db instance
[INFO ] 2025-11-14 14:54:18.975  DataBaseSourceClass:71 - returning the old db instance
[INFO ] 2025-11-14 14:54:19.007  DataBaseSourceClass:71 - returning the old db instance
[INFO ] 2025-11-14 14:54:19.032  DataBaseSourceClass:71 - returning the old db instance
[INFO ] 2025-11-14 14:55:21.706  DataBaseSourceClass:71 - returning the old db instance
[INFO ] 2025-11-14 14:55:21.752  DataBaseSourceClass:71 - returning the old db instance
[INFO ] 2025-11-14 14:59:05.888  DataBaseSourceClass:71 - returning the old db instance
[INFO ] 2025-11-14 14:59:05.969  DataBaseSourceClass:71 - returning the old db instance
[INFO ] 2025-11-14 14:59:20.892  DataBaseSourceClass:71 - returning the old db instance
[INFO ] 2025-11-14 14:59:20.937  DataBaseSourceClass:71 - returning the old db instance
[INFO ] 2025-11-14 14:59:43.050  DataBaseSourceClass:71 - returning the old db instance
[INFO ] 2025-11-14 14:59:43.066  DataBaseSourceClass:71 - returning the old db instance
[INFO ] 2025-11-14 14:59:48.172  DataBaseSourceClass:71 - returning the old db instance
[INFO ] 2025-11-14 14:59:48.193  DataBaseSourceClass:71 - returning the old db instance
[INFO ] 2025-11-14 14:59:48.357  DataBaseSourceClass:71 - returning the old db instance
[INFO ] 2025-11-14 14:59:48.441  DataBaseSourceClass:71 - returning the old db instance
[INFO ] 2025-11-14 14:59:48.469  DataBaseSourceClass:71 - returning the old db instance
[INFO ] 2025-11-14 14:59:50.548  DataBaseSourceClass:71 - returning the old db instance
[INFO ] 2025-11-14 14:59:50.576  DataBaseSourceClass:71 - returning the old db instance
[INFO ] 2025-11-14 15:00:09.315  DataBaseSourceClass:71 - returning the old db instance
[INFO ] 2025-11-14 15:00:09.338  DataBaseSourceClass:71 - returning the old db instance
[INFO ] 2025-11-14 15:00:22.018  DataBaseSourceClass:71 - returning the old db instance
[INFO ] 2025-11-14 15:00:22.038  DataBaseSourceClass:71 - returning the old db instance
[INFO ] 2025-11-14 15:00:22.172  DataBaseSourceClass:71 - returning the old db instance
[INFO ] 2025-11-14 15:00:22.188  DataBaseSourceClass:71 - returning the old db instance
[INFO ] 2025-11-14 15:00:23.251  DataBaseSourceClass:71 - returning the old db instance
[INFO ] 2025-11-14 15:00:23.288  DataBaseSourceClass:71 - returning the old db instance
[INFO ] 2025-11-14 15:36:10.974  DataBaseSourceClass:71 - returning the old db instance
[INFO ] 2025-11-14 15:36:16.773  DataBaseSourceClass:71 - returning the old db instance
[INFO ] 2025-11-14 15:36:16.794  DataBaseSourceClass:71 - returning the old db instance
[INFO ] 2025-11-14 15:36:16.958  DataBaseSourceClass:71 - returning the old db instance
[INFO ] 2025-11-14 15:36:17.046  DataBaseSourceClass:71 - returning the old db instance
[INFO ] 2025-11-14 15:36:17.077  DataBaseSourceClass:71 - returning the old db instance
[INFO ] 2025-11-14 15:36:29.213  DataBaseSourceClass:71 - returning the old db instance
[INFO ] 2025-11-14 15:36:29.302  DataBaseSourceClass:71 - returning the old db instance
[INFO ] 2025-11-14 15:36:31.131  DataBaseSourceClass:71 - returning the old db instance
[INFO ] 2025-11-14 15:36:31.242  DataBaseSourceClass:71 - returning the old db instance
[INFO ] 2025-11-16 10:44:40.325  DataBaseSourceClass:32 - Checking the application.properties !
[INFO ] 2025-11-16 10:44:41.320  DataBaseSourceClass:42 - application.properties found !
[INFO ] 2025-11-16 10:44:41.379  DataBaseSourceClass:53 - Creating new db instance
[INFO ] 2025-11-16 10:44:41.505  DataBaseSourceClass:71 - returning the old db instance
[INFO ] 2025-11-16 10:44:41.871  DataBaseSourceClass:71 - returning the old db instance
[INFO ] 2025-11-16 10:44:50.075  DataBaseSourceClass:71 - returning the old db instance
[INFO ] 2025-11-16 10:44:50.098  DataBaseSourceClass:71 - returning the old db instance
[INFO ] 2025-11-16 10:45:27.568  DataBaseSourceClass:71 - returning the old db instance
[INFO ] 2025-11-16 10:45:27.599  DataBaseSourceClass:71 - returning the old db instance
[INFO ] 2025-11-16 10:45:27.743  DataBaseSourceClass:71 - returning the old db instance
[INFO ] 2025-11-16 10:45:27.788  DataBaseSourceClass:71 - returning the old db instance
[INFO ] 2025-11-16 10:45:40.485  DataBaseSourceClass:71 - returning the old db instance
[INFO ] 2025-11-16 10:45:40.516  DataBaseSourceClass:71 - returning the old db instance
[INFO ] 2025-11-16 10:45:40.715  DataBaseSourceClass:71 - returning the old db instance
[INFO ] 2025-11-16 10:45:40.847  DataBaseSourceClass:71 - returning the old db instance
[INFO ] 2025-11-16 10:45:40.903  DataBaseSourceClass:71 - returning the old db instance
[INFO ] 2025-11-16 10:45:44.261  DataBaseSourceClass:71 - returning the old db instance
[INFO ] 2025-11-16 10:45:48.150  DataBaseSourceClass:71 - returning the old db instance
[INFO ] 2025-11-16 10:45:48.176  DataBaseSourceClass:71 - returning the old db instance
[INFO ] 2025-11-16 10:45:48.208  DataBaseSourceClass:71 - returning the old db instance
[INFO ] 2025-11-16 10:45:48.249  DataBaseSourceClass:71 - returning the old db instance
[INFO ] 2025-11-16 10:45:51.712  DataBaseSourceClass:71 - returning the old db instance
[INFO ] 2025-11-16 10:45:51.743  DataBaseSourceClass:71 - returning the old db instance
[INFO ] 2025-11-16 10:45:51.772  DataBaseSourceClass:71 - returning the old db instance
[INFO ] 2025-11-16 10:45:51.796  DataBaseSourceClass:71 - returning the old db instance
[INFO ] 2025-11-16 10:45:51.844  DataBaseSourceClass:71 - returning the old db instance
[INFO ] 2025-11-16 10:49:53.722  DataBaseSourceClass:32 - Checking the application.properties !
[INFO ] 2025-11-16 10:49:54.274  DataBaseSourceClass:42 - application.properties found !
[INFO ] 2025-11-16 10:49:54.318  DataBaseSourceClass:53 - Creating new db instance
[INFO ] 2025-11-16 10:49:54.384  DataBaseSourceClass:71 - returning the old db instance
[INFO ] 2025-11-16 10:49:55.042  DataBaseSourceClass:71 - returning the old db instance
[INFO ] 2025-11-16 10:50:27.369  DataBaseSourceClass:71 - returning the old db instance
[INFO ] 2025-11-16 10:50:27.502  DataBaseSourceClass:71 - returning the old db instance
[INFO ] 2025-11-16 10:50:34.395  DataBaseSourceClass:71 - returning the old db instance
[INFO ] 2025-11-16 10:50:34.461  DataBaseSourceClass:71 - returning the old db instance
[INFO ] 2025-11-16 10:50:50.309  DataBaseSourceClass:71 - returning the old db instance
[INFO ] 2025-11-16 10:50:50.410  DataBaseSourceClass:71 - returning the old db instance
[INFO ] 2025-11-16 10:56:39.283  DataBaseSourceClass:32 - Checking the application.properties !
[INFO ] 2025-11-16 10:56:39.946  DataBaseSourceClass:42 - application.properties found !
[INFO ] 2025-11-16 10:56:39.980  DataBaseSourceClass:53 - Creating new db instance
[INFO ] 2025-11-16 10:56:40.052  DataBaseSourceClass:71 - returning the old db instance
[INFO ] 2025-11-16 10:56:40.267  DataBaseSourceClass:71 - returning the old db instance
[INFO ] 2025-11-16 10:56:40.390  DataBaseSourceClass:71 - returning the old db instance
[INFO ] 2025-11-16 10:56:40.392  DataBaseSourceClass:71 - returning the old db instance
[INFO ] 2025-11-16 10:56:42.195  DataBaseSourceClass:71 - returning the old db instance
[INFO ] 2025-11-16 10:56:42.234  DataBaseSourceClass:71 - returning the old db instance
[INFO ] 2025-11-16 10:56:59.621  DataBaseSourceClass:71 - returning the old db instance
[INFO ] 2025-11-16 10:56:59.644  DataBaseSourceClass:71 - returning the old db instance
[INFO ] 2025-11-16 10:56:59.979  DataBaseSourceClass:71 - returning the old db instance
[INFO ] 2025-11-16 10:57:00.028  DataBaseSourceClass:71 - returning the old db instance
[INFO ] 2025-11-16 10:57:01.972  DataBaseSourceClass:71 - returning the old db instance
[INFO ] 2025-11-16 10:57:02.228  DataBaseSourceClass:71 - returning the old db instance
[INFO ] 2025-11-16 10:57:14.364  DataBaseSourceClass:71 - returning the old db instance
[INFO ] 2025-11-16 10:57:14.396  DataBaseSourceClass:71 - returning the old db instance
[INFO ] 2025-11-16 10:57:14.526  DataBaseSourceClass:71 - returning the old db instance
[INFO ] 2025-11-16 10:57:14.706  DataBaseSourceClass:71 - returning the old db instance
[INFO ] 2025-11-16 10:57:14.896  DataBaseSourceClass:71 - returning the old db instance
[INFO ] 2025-11-16 11:37:54.931  DataBaseSourceClass:71 - returning the old db instance
[INFO ] 2025-11-16 11:37:54.976  DataBaseSourceClass:71 - returning the old db instance
[INFO ] 2025-11-16 11:40:55.227  DataBaseSourceClass:71 - returning the old db instance
[INFO ] 2025-11-16 11:40:55.260  DataBaseSourceClass:71 - returning the old db instance
[INFO ] 2025-11-16 11:40:55.408  DataBaseSourceClass:71 - returning the old db instance
[INFO ] 2025-11-16 11:40:55.434  DataBaseSourceClass:71 - returning the old db instance
[INFO ] 2025-11-16 11:41:03.067  DataBaseSourceClass:71 - returning the old db instance
[INFO ] 2025-11-16 11:41:03.101  DataBaseSourceClass:71 - returning the old db instance
[INFO ] 2025-11-16 11:41:03.230  DataBaseSourceClass:71 - returning the old db instance
[INFO ] 2025-11-16 11:41:03.330  DataBaseSourceClass:71 - returning the old db instance
[INFO ] 2025-11-16 11:41:03.541  DataBaseSourceClass:71 - returning the old db instance
[INFO ] 2025-11-16 11:51:16.977  DataBaseSourceClass:71 - returning the old db instance
[INFO ] 2025-11-16 11:51:17.041  DataBaseSourceClass:71 - returning the old db instance
[INFO ] 2025-11-16 11:51:19.168  DataBaseSourceClass:71 - returning the old db instance
[INFO ] 2025-11-16 11:51:19.207  DataBaseSourceClass:71 - returning the old db instance
[INFO ] 2025-11-16 11:51:20.472  DataBaseSourceClass:71 - returning the old db instance
[INFO ] 2025-11-16 11:51:21.499  DataBaseSourceClass:71 - returning the old db instance
[INFO ] 2025-11-16 11:51:21.541  DataBaseSourceClass:71 - returning the old db instance
[INFO ] 2025-11-16 11:51:25.519  DataBaseSourceClass:71 - returning the old db instance
[INFO ] 2025-11-16 11:51:25.552  DataBaseSourceClass:71 - returning the old db instance
[INFO ] 2025-11-16 11:51:27.677  DataBaseSourceClass:71 - returning the old db instance
[INFO ] 2025-11-16 11:51:49.767  DataBaseSourceClass:71 - returning the old db instance
[INFO ] 2025-11-16 11:51:49.803  DataBaseSourceClass:71 - returning the old db instance
[INFO ] 2025-11-16 11:53:07.202  DataBaseSourceClass:71 - returning the old db instance
[INFO ] 2025-11-16 11:53:07.279  DataBaseSourceClass:71 - returning the old db instance
[INFO ] 2025-11-16 11:53:07.574  DataBaseSourceClass:71 - returning the old db instance
[INFO ] 2025-11-16 12:20:15.068  DataBaseSourceClass:71 - returning the old db instance
[INFO ] 2025-11-16 12:20:15.096  DataBaseSourceClass:71 - returning the old db instance
[INFO ] 2025-11-16 12:20:15.255  DataBaseSourceClass:71 - returning the old db instance
[INFO ] 2025-11-16 12:20:15.369  DataBaseSourceClass:71 - returning the old db instance
[INFO ] 2025-11-16 12:20:15.442  DataBaseSourceClass:71 - returning the old db instance
[INFO ] 2025-11-16 13:10:54.595  DataBaseSourceClass:71 - returning the old db instance
[INFO ] 2025-11-16 13:10:54.652  DataBaseSourceClass:71 - returning the old db instance
[INFO ] 2025-11-16 13:10:56.138  DataBaseSourceClass:71 - returning the old db instance
[INFO ] 2025-11-16 14:34:34.478  DataBaseSourceClass:32 - Checking the application.properties !
[INFO ] 2025-11-16 14:34:35.829  DataBaseSourceClass:42 - application.properties found !
[INFO ] 2025-11-16 14:34:35.912  DataBaseSourceClass:53 - Creating new db instance
[INFO ] 2025-11-16 14:34:36.058  DataBaseSourceClass:71 - returning the old db instance
[INFO ] 2025-11-16 14:36:35.342  DataBaseSourceClass:71 - returning the old db instance
[INFO ] 2025-11-16 14:36:35.414  DataBaseSourceClass:71 - returning the old db instance
[INFO ] 2025-11-16 14:36:35.789  DataBaseSourceClass:71 - returning the old db instance
[INFO ] 2025-11-16 14:36:37.472  DataBaseSourceClass:71 - returning the old db instance
[INFO ] 2025-11-16 14:36:37.560  DataBaseSourceClass:71 - returning the old db instance
[INFO ] 2025-11-16 14:36:40.178  DataBaseSourceClass:71 - returning the old db instance
[INFO ] 2025-11-16 14:36:44.937  DataBaseSourceClass:71 - returning the old db instance
[INFO ] 2025-11-16 14:36:44.980  DataBaseSourceClass:71 - returning the old db instance
[INFO ] 2025-11-16 14:36:45.057  DataBaseSourceClass:71 - returning the old db instance
[INFO ] 2025-11-16 14:36:45.127  DataBaseSourceClass:71 - returning the old db instance
[INFO ] 2025-11-16 14:36:47.661  DataBaseSourceClass:71 - returning the old db instance
[INFO ] 2025-11-16 14:36:47.716  DataBaseSourceClass:71 - returning the old db instance
[INFO ] 2025-11-16 14:36:47.775  DataBaseSourceClass:71 - returning the old db instance
[INFO ] 2025-11-16 14:36:47.832  DataBaseSourceClass:71 - returning the old db instance
[INFO ] 2025-11-16 14:36:47.911  DataBaseSourceClass:71 - returning the old db instance
[INFO ] 2025-11-16 14:36:59.764  DataBaseSourceClass:71 - returning the old db instance
[INFO ] 2025-11-16 14:36:59.813  DataBaseSourceClass:71 - returning the old db instance
[INFO ] 2025-11-16 14:37:00.118  DataBaseSourceClass:71 - returning the old db instance
[INFO ] 2025-11-16 14:37:00.274  DataBaseSourceClass:71 - returning the old db instance
[INFO ] 2025-11-16 14:37:00.344  DataBaseSourceClass:71 - returning the old db instance
[INFO ] 2025-11-16 14:37:04.238  DataBaseSourceClass:71 - returning the old db instance
[INFO ] 2025-11-16 14:37:27.687  DataBaseSourceClass:71 - returning the old db instance
[INFO ] 2025-11-16 14:37:27.737  DataBaseSourceClass:71 - returning the old db instance
[INFO ] 2025-11-16 14:37:29.723  DataBaseSourceClass:71 - returning the old db instance
[INFO ] 2025-11-16 14:37:29.771  DataBaseSourceClass:71 - returning the old db instance
[INFO ] 2025-11-16 14:37:34.807  DataBaseSourceClass:71 - returning the old db instance
[INFO ] 2025-11-16 14:37:34.853  DataBaseSourceClass:71 - returning the old db instance
[INFO ] 2025-11-16 14:37:49.708  DataBaseSourceClass:71 - returning the old db instance
[INFO ] 2025-11-16 14:37:49.741  DataBaseSourceClass:71 - returning the old db instance
[INFO ] 2025-11-16 14:37:50.076  DataBaseSourceClass:71 - returning the old db instance
[INFO ] 2025-11-16 14:37:50.198  DataBaseSourceClass:71 - returning the old db instance
[INFO ] 2025-11-16 14:37:50.262  DataBaseSourceClass:71 - returning the old db instance
[INFO ] 2025-11-16 14:37:51.836  DataBaseSourceClass:71 - returning the old db instance
[INFO ] 2025-11-16 14:38:04.080  DataBaseSourceClass:71 - returning the old db instance
[INFO ] 2025-11-16 14:38:11.709  DataBaseSourceClass:71 - returning the old db instance
[INFO ] 2025-11-16 14:38:19.520  DataBaseSourceClass:71 - returning the old db instance
[INFO ] 2025-11-16 14:38:46.231  DataBaseSourceClass:71 - returning the old db instance
[INFO ] 2025-11-16 14:38:46.293  DataBaseSourceClass:71 - returning the old db instance
[INFO ] 2025-11-16 14:38:50.948  DataBaseSourceClass:71 - returning the old db instance
[INFO ] 2025-11-16 14:39:03.257  DataBaseSourceClass:71 - returning the old db instance
[INFO ] 2025-11-16 14:39:03.334  DataBaseSourceClass:71 - returning the old db instance
[INFO ] 2025-11-16 14:39:20.072  DataBaseSourceClass:71 - returning the old db instance
[INFO ] 2025-11-16 14:39:23.051  DataBaseSourceClass:71 - returning the old db instance
[INFO ] 2025-11-16 14:39:23.110  DataBaseSourceClass:71 - returning the old db instance
[INFO ] 2025-11-16 14:39:23.941  DataBaseSourceClass:71 - returning the old db instance
[INFO ] 2025-11-16 14:39:23.989  DataBaseSourceClass:71 - returning the old db instance
[INFO ] 2025-11-16 14:40:55.354  DataBaseSourceClass:71 - returning the old db instance
[INFO ] 2025-11-16 14:41:21.209  DataBaseSourceClass:71 - returning the old db instance
[INFO ] 2025-11-16 14:41:21.281  DataBaseSourceClass:71 - returning the old db instance
[INFO ] 2025-11-16 14:41:22.216  DataBaseSourceClass:71 - returning the old db instance
[INFO ] 2025-11-16 14:41:22.274  DataBaseSourceClass:71 - returning the old db instance
[INFO ] 2025-11-16 14:41:24.236  DataBaseSourceClass:71 - returning the old db instance
[INFO ] 2025-11-16 14:41:24.279  DataBaseSourceClass:71 - returning the old db instance
[INFO ] 2025-11-16 14:41:25.694  DataBaseSourceClass:71 - returning the old db instance
[INFO ] 2025-11-16 14:41:25.748  DataBaseSourceClass:71 - returning the old db instance
[INFO ] 2025-11-16 14:41:27.457  DataBaseSourceClass:71 - returning the old db instance
[INFO ] 2025-11-16 14:41:27.507  DataBaseSourceClass:71 - returning the old db instance
[INFO ] 2025-11-16 14:41:28.916  DataBaseSourceClass:71 - returning the old db instance
[INFO ] 2025-11-16 14:41:28.963  DataBaseSourceClass:71 - returning the old db instance
[INFO ] 2025-11-16 14:41:36.426  DataBaseSourceClass:71 - returning the old db instance
[INFO ] 2025-11-16 14:41:36.478  DataBaseSourceClass:71 - returning the old db instance
[INFO ] 2025-11-16 14:44:35.383  DataBaseSourceClass:71 - returning the old db instance
[INFO ] 2025-11-16 14:45:32.833  DataBaseSourceClass:71 - returning the old db instance
[INFO ] 2025-11-16 14:45:32.904  DataBaseSourceClass:71 - returning the old db instance
[INFO ] 2025-11-16 14:49:28.186  DataBaseSourceClass:71 - returning the old db instance
[INFO ] 2025-11-16 14:49:28.312  DataBaseSourceClass:71 - returning the old db instance
[INFO ] 2025-11-16 14:50:59.839  DataBaseSourceClass:71 - returning the old db instance
[INFO ] 2025-11-16 14:50:59.894  DataBaseSourceClass:71 - returning the old db instance
[INFO ] 2025-11-16 14:54:44.713  DataBaseSourceClass:71 - returning the old db instance
[INFO ] 2025-11-16 14:54:44.756  DataBaseSourceClass:71 - returning the old db instance
[INFO ] 2025-11-16 14:54:45.063  DataBaseSourceClass:71 - returning the old db instance
[INFO ] 2025-11-16 14:54:45.162  DataBaseSourceClass:71 - returning the old db instance
[INFO ] 2025-11-16 14:54:45.223  DataBaseSourceClass:71 - returning the old db instance
[INFO ] 2025-11-16 14:57:30.432  DataBaseSourceClass:71 - returning the old db instance
[INFO ] 2025-11-16 14:57:30.727  DataBaseSourceClass:71 - returning the old db instance
[INFO ] 2025-11-16 15:05:31.316  DataBaseSourceClass:71 - returning the old db instance
